
Copyright (C) 1994-2023 Synopsys, Inc.
This Synopsys software and all associated documentation are proprietary to Synopsys, Inc.
and may only be used pursuant to the terms and conditions of a written license agreement
with Synopsys, Inc. All other use, reproduction, modification, or distribution of the
Synopsys software or the associated documentation is strictly prohibited.
Tool: Synplify Pro (R)
Build: V-2023.09M
Install: C:\Microchip\Libero_SoC_v2024.1\SynplifyPro
OS: Windows 10 or later
Hostname: F130-06

Implementation : synthesis
Synopsys HDL compiler and linker, Version comp202309synp1, Build 146R, Built Jan  4 2024 08:15:03, @

Modified Files: 16
FID:  path (prevtimestamp, timestamp)
0        C:\Microchip\Libero_SoC_v2024.1\SynplifyPro\lib\vhd2008\arith.vhd (N/A, 2024-01-04 17:04:42)
1        C:\Microchip\Libero_SoC_v2024.1\SynplifyPro\lib\vhd2008\location.map (N/A, 2024-01-04 17:04:42)
2        C:\Microchip\Libero_SoC_v2024.1\SynplifyPro\lib\vhd2008\numeric.vhd (N/A, 2024-01-04 17:28:28)
3        C:\Microchip\Libero_SoC_v2024.1\SynplifyPro\lib\vhd2008\std.vhd (N/A, 2024-01-04 17:04:42)
4        C:\Microchip\Libero_SoC_v2024.1\SynplifyPro\lib\vhd2008\std1164.vhd (N/A, 2024-01-04 17:04:42)
5        C:\Microchip\Libero_SoC_v2024.1\SynplifyPro\lib\vhd2008\std_textio.vhd (N/A, 2024-01-04 17:04:42)
6        C:\Microchip\Libero_SoC_v2024.1\SynplifyPro\lib\vhd2008\unsigned.vhd (N/A, 2024-01-04 17:04:42)
7        C:\Microchip\Libero_SoC_v2024.1\SynplifyPro\lib\vhd\hyperents.vhd (N/A, 2024-01-04 17:04:42)
8        C:\Microchip\Libero_SoC_v2024.1\SynplifyPro\lib\vhd\snps_haps_pkg.vhd (N/A, 2024-01-04 17:04:42)
9        C:\Microchip\Libero_SoC_v2024.1\SynplifyPro\lib\vhd\umr_capim.vhd (N/A, 2024-01-04 17:04:42)
10       C:\Users\lu121lin\Documents\Libro\DigitaleSysteme\VorlesungsSkripte\Aufgabe_1\hex4x7seg.vhd (N/A, 2024-11-26 12:47:40)
11       C:\Users\lu121lin\Documents\Libro\DigitaleSysteme\VorlesungsSkripte\Aufgabe_2\aufgabe2.vhd (N/A, 2025-01-14 11:43:05)
12       C:\Users\lu121lin\Documents\Libro\DigitaleSysteme\VorlesungsSkripte\Aufgabe_2\lib\lfsr_lib.vhd (N/A, 2025-01-14 12:07:37)
13       C:\Users\lu121lin\Documents\Libro\DigitaleSysteme\VorlesungsSkripte\Aufgabe_2\std_counter.vhd (N/A, 2025-01-14 11:54:03)
14       C:\Users\lu121lin\Documents\Libro\DigitaleSysteme\VorlesungsSkripte\Aufgabe_2\sync_buffer.vhd (N/A, 2025-01-14 11:50:53)
15       C:\Users\lu121lin\Documents\Libro\DigitaleSysteme\VorlesungsSkripte\Aufgabe_2\sync_module.vhd (N/A, 2025-01-14 11:55:23)

*******************************************************************
Modules that may have changed as a result of file changes: 5
MID:  lib.cell.view
0        work.aufgabe2.structure may have changed because the following files changed:
                        C:\Users\lu121lin\Documents\Libro\DigitaleSysteme\VorlesungsSkripte\Aufgabe_2\aufgabe2.vhd (N/A, 2025-01-14 11:43:05) <-- (architecture and entity definition)
2        work.hex4x7seg.struktur may have changed because the following files changed:
                        C:\Users\lu121lin\Documents\Libro\DigitaleSysteme\VorlesungsSkripte\Aufgabe_1\hex4x7seg.vhd (N/A, 2024-11-26 12:47:40) <-- (architecture and entity definition)
                        C:\Users\lu121lin\Documents\Libro\DigitaleSysteme\VorlesungsSkripte\Aufgabe_2\aufgabe2.vhd (N/A, 2025-01-14 11:43:05) <-- (may instantiate this module)
4        work.std_counter.behavior may have changed because the following files changed:
                        C:\Users\lu121lin\Documents\Libro\DigitaleSysteme\VorlesungsSkripte\Aufgabe_2\aufgabe2.vhd (N/A, 2025-01-14 11:43:05) <-- (may instantiate this module)
                        C:\Users\lu121lin\Documents\Libro\DigitaleSysteme\VorlesungsSkripte\Aufgabe_2\std_counter.vhd (N/A, 2025-01-14 11:54:03) <-- (architecture and entity definition)
6        work.sync_buffer.behavior may have changed because the following files changed:
                        C:\Users\lu121lin\Documents\Libro\DigitaleSysteme\VorlesungsSkripte\Aufgabe_2\aufgabe2.vhd (N/A, 2025-01-14 11:43:05) <-- (may instantiate this module)
                        C:\Users\lu121lin\Documents\Libro\DigitaleSysteme\VorlesungsSkripte\Aufgabe_2\sync_buffer.vhd (N/A, 2025-01-14 11:50:53) <-- (architecture and entity definition)
                        C:\Users\lu121lin\Documents\Libro\DigitaleSysteme\VorlesungsSkripte\Aufgabe_2\sync_module.vhd (N/A, 2025-01-14 11:55:23) <-- (may instantiate this module)
8        work.sync_module.behavior may have changed because the following files changed:
                        C:\Users\lu121lin\Documents\Libro\DigitaleSysteme\VorlesungsSkripte\Aufgabe_2\aufgabe2.vhd (N/A, 2025-01-14 11:43:05) <-- (may instantiate this module)
                        C:\Users\lu121lin\Documents\Libro\DigitaleSysteme\VorlesungsSkripte\Aufgabe_2\sync_module.vhd (N/A, 2025-01-14 11:55:23) <-- (architecture and entity definition)

*******************************************************************
Unmodified files: 0
FID:  path (timestamp)

*******************************************************************
Unchanged modules: 0
MID:  lib.cell.view
