Software Version: 2024.1.0.3
Programmer 'S20153T4MS' : JTAG TCK / SPI SCK frequency = 1 MHz
programmer 'S20153T4MS' : FlashPro5
Opened 'C:\Users\lu121lin\Documents\Libro\DigitaleSysteme\Aufgabe_2\Aufgabe_2\designer\aufgabe2\aufgabe2_fp\aufgabe2.pro'
The 'open_project' command succeeded.
Info: Programming is already enabled for device 'M2S005'.
The 'enable_device' command succeeded.
PPD file 'C:/Users/lu121lin/Documents/Libro/DigitaleSysteme/Aufgabe_2/Aufgabe_2/designer/aufgabe2/aufgabe2.ppd' has been loaded successfully.
DESIGN : aufgabe2;  CHECKSUM : B34B;  PDB_VERSION : 1.0
The 'set_programming_file' command succeeded.
The 'set_programming_action' command succeeded.
programmer 'S20153T4MS' : Scan Chain...
Programmer 'S20153T4MS' : JTAG TCK / SPI SCK frequency = 1 MHz
programmer 'S20153T4MS' : Check Chain...
programmer 'S20153T4MS' : Scan and Check Chain PASSED.
programmer 'S20153T4MS' : device 'M2S005' : Executing action PROGRAM
Programmer 'S20153T4MS' : JTAG TCK / SPI SCK frequency = 4 MHz
programmer 'S20153T4MS' : device 'M2S005' : Family: SmartFusion2
programmer 'S20153T4MS' : device 'M2S005' : Product:      M2S005
programmer 'S20153T4MS' : device 'M2S005' : Cortex-M3 Enabled (M3_ALLOWED = 1)
programmer 'S20153T4MS' : device 'M2S005' : Programming Interface Protocol: JTAG
programmer 'S20153T4MS' : device 'M2S005' : EXPORT ISC_ENABLE_RESULT[32] = 005f6d24
programmer 'S20153T4MS' : device 'M2S005' : EXPORT CRCERR[1] = 0
programmer 'S20153T4MS' : device 'M2S005' : EXPORT EDCERR[1] = 0
programmer 'S20153T4MS' : device 'M2S005' : Programming FPGA Array...
programmer 'S20153T4MS' : device 'M2S005' : EXPORT Fabric component digest[256] = 6daecb6df590ebd66baa4780016d3530e2c65111fd1360191fca6e420b9f6d88
programmer 'S20153T4MS' : device 'M2S005' : ===================================================================================
programmer 'S20153T4MS' : device 'M2S005' : EXPORT DSN[128] = 71a31889fb8db2cb103dc78ce1896eac
programmer 'S20153T4MS' : device 'M2S005' : ===================================================================================
programmer 'S20153T4MS' : device 'M2S005' : Finished: Tue Jan 14 12:33:59 2025 (Elapsed time 00:00:18)
programmer 'S20153T4MS' : device 'M2S005' : Executing action PROGRAM PASSED.
programmer 'S20153T4MS' : Chain programming PASSED.
Chain Programming Finished: Tue Jan 14 12:33:59 2025 (Elapsed time 00:00:18)

                        o - o - o - o - o - o

The 'run_selected_actions' command succeeded.
Project saved.
The 'save_project' command succeeded.
Project closed.
The 'close_project' command succeeded.
The Execute Script command succeeded.
