
                               Synplify Pro (R) 

                  Version V-2023.09M for win64 - Jan 04, 2024 

                    Copyright (c) 1988 - 2024 Synopsys, Inc.
   This software and the associated documentation are proprietary to Synopsys,
 Inc. This software may only be used in accordance with the terms and conditions
 of a written license agreement with Synopsys, Inc. All other use, reproduction,
   or distribution of this software is strictly prohibited.  Licensed Products
     communicate with Synopsys servers for the purpose of providing software
    updates, detecting software piracy and verifying that customers are using
    Licensed Products in conformity with the applicable License Key for such
  Licensed Products. Synopsys will use information gathered in connection with
    this process to deliver software updates and pursue software pirates and
                                   infringers.

 Inclusivity & Diversity - Visit SolvNetPlus to read the "Synopsys Statement on
            Inclusivity and Diversity" (Refer to article 000036315 at
                        https://solvnetplus.synopsys.com)

Starting:    C:\Microchip\Libero_SoC_v2024.1\SynplifyPro\bin64\mbin\synbatch.exe
Install:     C:\Microchip\Libero_SoC_v2024.1\SynplifyPro
Hostname:    F130-06
Date:        Tue Jan 14 12:59:49 2025
Version:     V-2023.09M

Arguments:   -product synplify_base -licensetype synplifypro_actel -batch -log synplify.log aufgabe2_syn.tcl
ProductType: synplify_pro

License checkout: synplifypro_actel
License: synplifypro_actel node-locked 
Licensed Vendor: actel
License Option: actel_oem

Running in Vendor Mode


scm2hydra_preserve_rtl_sig is not supported in current product.
add_dut_hierarchy is not supported in current product.
prepare_readback is not supported in current product.
auto_infer_blackbox is not supported in current product.
log file: "C:\Users\lu121lin\Documents\Libro\DigitaleSysteme\Aufgabe_2\Aufgabe_2\synthesis\aufgabe2.srr"
Running: synthesis in foreground

Running aufgabe2_syn|synthesis

Running Flow: compile (Compile) on aufgabe2_syn|synthesis
# Tue Jan 14 12:59:49 2025

Running Flow: compile_flow (Compile Process) on aufgabe2_syn|synthesis
# Tue Jan 14 12:59:49 2025

Running: compiler (Compile Input) on aufgabe2_syn|synthesis
# Tue Jan 14 12:59:49 2025
Copied C:\Users\lu121lin\Documents\Libro\DigitaleSysteme\Aufgabe_2\Aufgabe_2\synthesis\synwork\aufgabe2_comp.srs to C:\Users\lu121lin\Documents\Libro\DigitaleSysteme\Aufgabe_2\Aufgabe_2\synthesis\aufgabe2.srs

compiler completed
# Tue Jan 14 12:59:51 2025

Return Code: 0
Run Time:00h:00m:01s

Running: multi_srs_gen (Multi-srs Generator) on aufgabe2_syn|synthesis
# Tue Jan 14 12:59:51 2025

multi_srs_gen completed
# Tue Jan 14 12:59:51 2025

Return Code: 0
Run Time:00h:00m:00s
Copied C:\Users\lu121lin\Documents\Libro\DigitaleSysteme\Aufgabe_2\Aufgabe_2\synthesis\synwork\aufgabe2_mult.srs to C:\Users\lu121lin\Documents\Libro\DigitaleSysteme\Aufgabe_2\Aufgabe_2\synthesis\aufgabe2.srs
Complete: Compile Process on aufgabe2_syn|synthesis

Running: premap (Premap) on aufgabe2_syn|synthesis
# Tue Jan 14 12:59:51 2025

premap completed with warnings
# Tue Jan 14 12:59:52 2025

Return Code: 1
Run Time:00h:00m:01s
Complete: Compile on aufgabe2_syn|synthesis

Running Flow: map (Map) on aufgabe2_syn|synthesis
# Tue Jan 14 12:59:52 2025
License granted for 4 parallel jobs

Running: fpga_mapper (Map & Optimize) on aufgabe2_syn|synthesis
# Tue Jan 14 12:59:52 2025
Copied C:\Users\lu121lin\Documents\Libro\DigitaleSysteme\Aufgabe_2\Aufgabe_2\synthesis\synwork\aufgabe2_m.srm to C:\Users\lu121lin\Documents\Libro\DigitaleSysteme\Aufgabe_2\Aufgabe_2\synthesis\aufgabe2.srm

fpga_mapper completed with warnings
# Tue Jan 14 12:59:53 2025

Return Code: 1
Run Time:00h:00m:01s
Complete: Map on aufgabe2_syn|synthesis
Complete: Logic Synthesis on aufgabe2_syn|synthesis
TCL script complete: "aufgabe2_syn.tcl"
exit status=0
exit status=0
License checkin: synplifypro_actel
