Software Version: 2024.1.0.3
Programmer 'S20153T641' : JTAG TCK / SPI SCK frequency = 1 MHz
programmer 'S20153T641' : FlashPro5
Opened 'C:\Users\lu121lin\Documents\Libro\Uebungen\Aufgabe_1\designer\aufgabe1\aufgabe1_fp\aufgabe1.pro'
The 'open_project' command succeeded.
Info: Programming is already enabled for device 'M2S005'.
The 'enable_device' command succeeded.
PPD file 'C:/Users/lu121lin/Documents/Libro/Uebungen/Aufgabe_1/designer/aufgabe1/aufgabe1.ppd' has been loaded successfully.
DESIGN : aufgabe1;  CHECKSUM : D20D;  PDB_VERSION : 1.0
The 'set_programming_file' command succeeded.
The 'set_programming_action' command succeeded.
programmer 'S20153T641' : Scan Chain...
Programmer 'S20153T641' : JTAG TCK / SPI SCK frequency = 1 MHz
programmer 'S20153T641' : Check Chain...
programmer 'S20153T641' : Scan and Check Chain PASSED.
programmer 'S20153T641' : device 'M2S005' : Executing action PROGRAM
Programmer 'S20153T641' : JTAG TCK / SPI SCK frequency = 4 MHz
programmer 'S20153T641' : device 'M2S005' : Family: SmartFusion2
programmer 'S20153T641' : device 'M2S005' : Product:      M2S005
programmer 'S20153T641' : device 'M2S005' : Cortex-M3 Enabled (M3_ALLOWED = 1)
programmer 'S20153T641' : device 'M2S005' : Programming Interface Protocol: JTAG
programmer 'S20153T641' : device 'M2S005' : EXPORT ISC_ENABLE_RESULT[32] = 005a6824
programmer 'S20153T641' : device 'M2S005' : EXPORT CRCERR[1] = 0
programmer 'S20153T641' : device 'M2S005' : EXPORT EDCERR[1] = 0
programmer 'S20153T641' : device 'M2S005' : Programming FPGA Array...
programmer 'S20153T641' : device 'M2S005' : EXPORT Fabric component digest[256] = 93df14b1ac268887e9d0f0c72e1229b8831897072cc3816da7832f5aabf972f2
programmer 'S20153T641' : device 'M2S005' : ===================================================================================
programmer 'S20153T641' : device 'M2S005' : EXPORT DSN[128] = d21a19f02f6c56d5369d3a2110a5d1d7
programmer 'S20153T641' : device 'M2S005' : ===================================================================================
programmer 'S20153T641' : device 'M2S005' : Finished: Tue Dec  3 12:51:22 2024 (Elapsed time 00:00:18)
programmer 'S20153T641' : device 'M2S005' : Executing action PROGRAM PASSED.
programmer 'S20153T641' : Chain programming PASSED.
Chain Programming Finished: Tue Dec  3 12:51:22 2024 (Elapsed time 00:00:18)

                        o - o - o - o - o - o

The 'run_selected_actions' command succeeded.
Project saved.
The 'save_project' command succeeded.
Project closed.
The 'close_project' command succeeded.
The Execute Script command succeeded.
